[BEvent name:StartControl]
[BEvent name:Telemetry(0.0,0.0,10.0,10.0,0.0,14.142135623730951)]
[BEvent name:leader data:[object Object]]
[BEvent name:TurnRight]
[BEvent name:Tick]
[BEvent name:Telemetry(0.0,0.0,10.0,11.0,1.0,14.866068747318506)]
[BEvent name:leader data:[object Object]]
[BEvent name:TurnRight]
[BEvent name:Tick]
[BEvent name:Telemetry(0.0,0.0,10.0,12.0,2.0,15.620499351813308)]
[BEvent name:leader data:[object Object]]
[BEvent name:TurnRight]
[BEvent name:Tick]
[BEvent name:Telemetry(0.0,0.0,10.0,13.0,3.0,16.401219466856727)]
[BEvent name:leader data:[object Object]]
[BEvent name:TurnRight]
[BEvent name:Tick]
[BEvent name:Telemetry(0.0,0.0,10.0,14.0,4.0,17.204650534085253)]
[BEvent name:leader data:[object Object]]
[BEvent name:TurnRight]
[BEvent name:Tick]
[BEvent name:Telemetry(0.0,0.0,10.0,15.0,5.0,18.027756377319946)]
[BEvent name:leader data:[object Object]]
[BEvent name:TurnRight]
[BEvent name:Tick]
[BEvent name:Telemetry(0.0,0.0,10.0,16.0,6.0,18.867962264113206)]
[BEvent name:leader data:[object Object]]
[BEvent name:TurnRight]
[BEvent name:Tick]
[BEvent name:Telemetry(0.0,0.0,10.0,17.0,7.0,19.72308292331602)]
[BEvent name:leader data:[object Object]]
[BEvent name:TurnRight]
[BEvent name:Tick]
[BEvent name:Telemetry(0.0,0.0,10.0,18.0,8.0,20.591260281974)]
[BEvent name:leader data:[object Object]]
[BEvent name:TurnRight]
[BEvent name:Tick]
[BEvent name:Telemetry(0.0,0.0,10.0,19.0,9.0,21.470910553583888)]
[BEvent name:leader data:[object Object]]
[BEvent name:TurnRight]
[BEvent name:Tick]
[BEvent name:Telemetry(0.0,0.0,10.0,20.0,10.0,22.360679774997898)]
[BEvent name:leader data:[object Object]]
[BEvent name:TurnRight]
[BEvent name:Tick]
[BEvent name:Telemetry(0.0,0.0,10.0,21.0,11.0,23.259406699226016)]
[BEvent name:leader data:[object Object]]
[BEvent name:TurnRight]
[BEvent name:Tick]
[BEvent name:Telemetry(0.0,0.0,10.0,22.0,12.0,24.166091947189145)]
[BEvent name:leader data:[object Object]]
[BEvent name:TurnRight]
[BEvent name:Tick]
[BEvent name:Telemetry(0.0,0.0,10.0,23.0,13.0,25.079872407968907)]
[BEvent name:leader data:[object Object]]
[BEvent name:TurnRight]
[BEvent name:Tick]
[BEvent name:Telemetry(0.0,0.0,10.0,24.0,14.0,26.0)]
[BEvent name:leader data:[object Object]]
[BEvent name:TurnRight]
[BEvent name:Tick]
[BEvent name:Telemetry(0.0,0.0,10.0,25.0,15.0,26.92582403567252)]
[BEvent name:leader data:[object Object]]
[BEvent name:TurnRight]
[BEvent name:Tick]
[BEvent name:Telemetry(0.0,0.0,10.0,26.0,16.0,27.85677655436824)]
[BEvent name:leader data:[object Object]]
[BEvent name:TurnRight]
[BEvent name:Tick]
[BEvent name:Telemetry(0.0,0.0,10.0,27.0,17.0,28.792360097775937)]
[BEvent name:leader data:[object Object]]
[BEvent name:GoSlowGradient(66)]
[BEvent name:Tick]
[BEvent name:Telemetry(0.5788959753510188,1.8934834168068102,10.0,28.0,17.0,27.75441242670791)]
[BEvent name:leader data:[object Object]]
[BEvent name:GoToTarget]
[BEvent name:Tick]
[BEvent name:Telemetry(1.456011089519229,4.762397684695916,10.0,29.0,17.0,25.699437980182605)]
[BEvent name:leader data:[object Object]]
[BEvent name:GoToTarget]
[BEvent name:Tick]
[BEvent name:Telemetry(2.3331262036874394,7.631311952585023,10.0,30.0,17.0,23.646123546390218)]
[BEvent name:leader data:[object Object]]
[BEvent name:GoToTarget]
[BEvent name:Tick]
[BEvent name:Telemetry(3.2102413178556497,10.50022622047413,10.0,31.0,17.0,21.594942648071353)]
[BEvent name:leader data:[object Object]]
[BEvent name:GoToTarget]
[BEvent name:Tick]
[BEvent name:Telemetry(4.08735643202386,13.369140488363236,10.0,32.0,17.0,19.546566964668646)]
[BEvent name:leader data:[object Object]]
[BEvent name:GoToTarget]
[BEvent name:Tick]
[BEvent name:Telemetry(4.964471546192071,16.238054756252343,10.0,33.0,17.0,17.50198146392299)]
[BEvent name:leader data:[object Object]]
[BEvent name:GoToTarget]
[BEvent name:Tick]
[BEvent name:Telemetry(5.8415866603602815,19.10696902414145,10.0,34.0,17.0,15.462689712697976)]
[BEvent name:leader data:[object Object]]
[BEvent name:GoToTarget]
[BEvent name:Tick]
[BEvent name:Telemetry(6.718701774528492,21.975883292030556,10.0,35.0,17.0,13.431103233438842)]
[BEvent name:leader data:[object Object]]
[BEvent name:GoSlowGradient(37)]
[BEvent name:Tick]
[BEvent name:Telemetry(7.04323436677073,23.037381571149524,10.0,36.0,17.0,13.29556089609685)]
[BEvent name:leader data:[object Object]]
[BEvent name:TurnLeft]
[BEvent name:Tick]
[BEvent name:Telemetry(7.04323436677073,23.037381571149524,10.0,37.0,16.0,14.272251973655756)]
[BEvent name:leader data:[object Object]]
[BEvent name:TurnLeft]
[BEvent name:Tick]
[BEvent name:Telemetry(7.04323436677073,23.037381571149524,10.0,38.0,15.0,15.251964242589267)]
[BEvent name:GoSlowGradient(32)]